<?xml version="1.0" encoding="UTF-8"?>
<!-- Generated by org.testng.reporters.JUnitXMLReporter -->
<testsuite ignored="2" hostname="HDC3-L-PF1VZNEE" failures="0" tests="1" name="Test" time="0.069" errors="0" timestamp="2023-05-04T18:28:47 IST">
  <testcase classname="testNgTest.TestngExample" name="Testmethod3" time="0.007"/>
  <testcase classname="testNgTest.TestngExample" name="Testmethod2" time="0.0">
    <ignored/>
  </testcase> <!-- Testmethod2 -->
  <testcase classname="testNgTest.TestngExample" name="Testmethod1" time="0.0">
    <ignored/>
  </testcase> <!-- Testmethod1 -->
</testsuite> <!-- Test -->
