<?xml version="1.0" encoding="UTF-8"?>
<!-- Generated by org.testng.reporters.JUnitXMLReporter -->
<testsuite ignored="0" hostname="HDC3-L-PF1VZNEE" failures="0" tests="10" name="Test" time="0.061" errors="0" timestamp="2023-05-04T18:28:47 IST">
  <testcase classname="testNgTest.ParameterExample" name="ParameterExample" time="0.002"/>
  <testcase classname="testNgTest.ParameterExample" name="ParameterExample" time="0.002"/>
  <testcase classname="testNgTest.ParameterExample" name="ParameterExample" time="0.002"/>
  <testcase classname="testNgTest.ParameterExample" name="ParameterExample" time="0.001"/>
  <testcase classname="testNgTest.ParameterExample" name="ParameterExample" time="0.001"/>
  <testcase classname="testNgTest.ParameterExample" name="ParameterExample" time="0.001"/>
  <testcase classname="testNgTest.ParameterExample" name="ParameterExample" time="0.002"/>
  <testcase classname="testNgTest.ParameterExample" name="ParameterExample" time="0.001"/>
  <testcase classname="testNgTest.ParameterExample" name="ParameterExample" time="0.001"/>
  <testcase classname="testNgTest.ParameterExample" name="ParameterExample" time="0.001"/>
</testsuite> <!-- Test -->
